<?xml version="1.0" encoding="UTF-8"?>
<!-- Generated by org.testng.reporters.JUnitReportReporter -->
<testsuite hostname="inlen8520074094" failures="0" tests="1" name="capgemini.Tests.IITdAutomation" time="10.534" errors="0" timestamp="2023-08-14T16:04:32 IST" skipped="0">
  <testcase classname="capgemini.Tests.IITdAutomation" name="invokeBrowser" time="10.534"/>
  <system-out/>
</testsuite> <!-- capgemini.Tests.IITdAutomation -->
