<?xml version="1.0" encoding="UTF-8"?>
<!-- Generated by org.testng.reporters.JUnitReportReporter -->
<testsuite hostname="inlen8520074094" failures="0" tests="1" name="capgemini.Tests.SubmitOrder" time="18.695" errors="0" timestamp="2023-08-11T16:24:13 IST" skipped="0">
  <testcase classname="capgemini.Tests.SubmitOrder" name="main" time="18.695"/>
  <system-out/>
</testsuite> <!-- capgemini.Tests.SubmitOrder -->
