<?xml version="1.0" encoding="UTF-8"?>
<!-- Generated by org.testng.reporters.JUnitReportReporter -->
<testsuite hostname="inlen8520074094" failures="0" tests="1" name="capgemini.Tests.StandAloneTest2" time="7.283" errors="0" timestamp="2023-08-11T16:24:45 IST" skipped="0">
  <testcase classname="capgemini.Tests.StandAloneTest2" name="placeOrder" time="7.283"/>
  <system-out/>
</testsuite> <!-- capgemini.Tests.StandAloneTest2 -->
